DEBUG:__main__:Starting data loading...
INFO:__main__:Calling get instance...
DEBUG:__main__:From instance [<data_collector_csv.DataCollectorCsv object at 0x7ffa27cd7d90>] is returning [[<person.Person object at 0x7ffa27ce17c0>, <person.Person object at 0x7ffa27ce17f0>, <person.Person object at 0x7ffa27ce1820>, <person.Person object at 0x7ffa27ce1850>, <person.Person object at 0x7ffa27ce1880>, <person.Person object at 0x7ffa27ce18b0>, <person.Person object at 0x7ffa27ce18e0>]]: 
INFO:__main__:Calling get instance...
DEBUG:__main__:Starting data loading...
INFO:__main__:Calling get instance...
DEBUG:__main__:From instance [<data_collector_csv.DataCollectorCsv object at 0x7fbad53a63d0>] is returning [[<person.Person object at 0x7fbad53b08e0>, <person.Person object at 0x7fbad53bba00>, <person.Person object at 0x7fbad53bba60>, <person.Person object at 0x7fbad53bba90>, <person.Person object at 0x7fbad53bbb50>, <person.Person object at 0x7fbad53bbb20>, <person.Person object at 0x7fbad53bbbb0>]]: 
INFO:__main__:Calling get instance...
DEBUG:__main__:From instance [<data_collector_api.DataCollectorAPI object at 0x7fbad53a63d0>] is returning [[<person.Person object at 0x7fbad53a6460>, <person.Person object at 0x7fbad53b0730>, <person.Person object at 0x7fbad53b0ac0>, <person.Person object at 0x7fbad53b0820>]]: 
DEBUG:__main__:Starting Application...
INFO:__main__:Generating report of sicks
DEBUG:__main__:Range of age reviewed: range(0, 15)
DEBUG:__main__:Patient Age: 60 is in range [False] if is sick [True]
DEBUG:__main__:Patient Age: 47 is in range [False] if is sick [True]
DEBUG:__main__:Patient Age: 50 is in range [False] if is sick [True]
DEBUG:__main__:Patient Age: 43 is in range [False] if is sick [True]
DEBUG:__main__:Patient Age: 34 is in range [False] if is sick [True]
DEBUG:__main__:Patient Age: 55 is in range [False] if is sick [True]
DEBUG:__main__:Patient Age: 32 is in range [False] if is sick [True]
DEBUG:__main__:Range of age reviewed: range(15, 60)
DEBUG:__main__:Patient Age: 60 is in range [False] if is sick [True]
DEBUG:__main__:Patient Age: 47 is in range [False] if is sick [True]
DEBUG:__main__:Patient Age: 50 is in range [False] if is sick [True]
DEBUG:__main__:Patient Age: 43 is in range [False] if is sick [True]
DEBUG:__main__:Patient Age: 34 is in range [True] if is sick [True]
DEBUG:__main__:Patient Age: 55 is in range [True] if is sick [True]
DEBUG:__main__:Patient Age: 32 is in range [True] if is sick [True]
DEBUG:__main__:Range of age reviewed: range(60, 125)
DEBUG:__main__:Patient Age: 60 is in range [False] if is sick [True]
DEBUG:__main__:Patient Age: 47 is in range [False] if is sick [True]
DEBUG:__main__:Patient Age: 50 is in range [False] if is sick [True]
DEBUG:__main__:Patient Age: 43 is in range [False] if is sick [True]
DEBUG:__main__:Patient Age: 34 is in range [False] if is sick [True]
DEBUG:__main__:Patient Age: 55 is in range [False] if is sick [True]
DEBUG:__main__:Patient Age: 32 is in range [False] if is sick [True]
INFO:__main__:Generating report of sicks
DEBUG:__main__:Starting data loading...
INFO:__main__:Calling get instance...
DEBUG:__main__:Starting data loading...
INFO:__main__:Calling get instance...
DEBUG:__main__:Starting data loading...
INFO:__main__:Calling get instance...
DEBUG:__main__:From instance [<session_19.data_collector_csv.DataCollectorCsv object at 0x7f8a87cd9eb0>] is returning [[<session_19.person.Person object at 0x7f8a87ce2850>, <session_19.person.Person object at 0x7f8a87ce2880>, <session_19.person.Person object at 0x7f8a87ce28b0>, <session_19.person.Person object at 0x7f8a87ce28e0>, <session_19.person.Person object at 0x7f8a87ce2910>, <session_19.person.Person object at 0x7f8a87ce2940>, <session_19.person.Person object at 0x7f8a87ce2970>]]: 
INFO:__main__:Calling get instance...
DEBUG:__main__:Starting data loading...
INFO:__main__:Calling get instance...
DEBUG:__main__:From instance [<session_19.data_collector_csv.DataCollectorCsv object at 0x7f977d7be430>] is returning [[<session_19.person.Person object at 0x7f977fdcc940>, <session_19.person.Person object at 0x7f977fdd5a60>, <session_19.person.Person object at 0x7f977fdd5ac0>, <session_19.person.Person object at 0x7f977fdd5af0>, <session_19.person.Person object at 0x7f977fdd5bb0>, <session_19.person.Person object at 0x7f977fdd5b80>, <session_19.person.Person object at 0x7f977fdd5c10>]]: 
INFO:__main__:Calling get instance...
DEBUG:__main__:From instance [<session_19.data_collector_api.DataCollectorAPI object at 0x7f977d7be430>] is returning [[<session_19.person.Person object at 0x7f977d7be4c0>, <session_19.person.Person object at 0x7f977fdcc790>, <session_19.person.Person object at 0x7f977fdccb20>, <session_19.person.Person object at 0x7f977fdcc880>]]: 
DEBUG:__main__:Starting Application...
INFO:__main__:Generating report of sicks
DEBUG:__main__:Starting data loading...
INFO:__main__:Calling get instance...
DEBUG:__main__:From instance [<session_19.data_collector_csv.DataCollectorCsv object at 0x7fe01dbe6760>] is returning [[<session_19.person.Person object at 0x7fe01dbe6880>, <session_19.person.Person object at 0x7fe01dbe68b0>, <session_19.person.Person object at 0x7fe01dbe68e0>, <session_19.person.Person object at 0x7fe01dbe6940>, <session_19.person.Person object at 0x7fe01dbe6910>, <session_19.person.Person object at 0x7fe01dbe6970>, <session_19.person.Person object at 0x7fe01dbe69a0>]]: 
INFO:__main__:Calling get instance...
DEBUG:__main__:From instance [<session_19.data_collector_api.DataCollectorAPI object at 0x7fe01dbe6790>] is returning [[<session_19.person.Person object at 0x7fe01dbe6a60>, <session_19.person.Person object at 0x7fe01dbe6a90>, <session_19.person.Person object at 0x7fe01dbe6af0>, <session_19.person.Person object at 0x7fe01dbe6b20>]]: 
DEBUG:__main__:Starting Application...
INFO:__main__:Generating report of sicks
DEBUG:__main__:Range of age reviewed: range(0, 15)
DEBUG:__main__:Patient Age: 60 is in range [False] if is sick [True]
DEBUG:__main__:Patient Age: 47 is in range [False] if is sick [True]
DEBUG:__main__:Patient Age: 50 is in range [False] if is sick [True]
DEBUG:__main__:Patient Age: 43 is in range [False] if is sick [True]
DEBUG:__main__:Patient Age: 34 is in range [False] if is sick [True]
DEBUG:__main__:Patient Age: 55 is in range [False] if is sick [True]
DEBUG:__main__:Patient Age: 32 is in range [False] if is sick [True]
DEBUG:__main__:Range of age reviewed: range(15, 60)
DEBUG:__main__:Patient Age: 60 is in range [False] if is sick [True]
DEBUG:__main__:Patient Age: 47 is in range [False] if is sick [True]
DEBUG:__main__:Patient Age: 50 is in range [False] if is sick [True]
DEBUG:__main__:Patient Age: 43 is in range [False] if is sick [True]
DEBUG:__main__:Patient Age: 34 is in range [True] if is sick [True]
DEBUG:__main__:Patient Age: 55 is in range [True] if is sick [True]
DEBUG:__main__:Patient Age: 32 is in range [True] if is sick [True]
DEBUG:__main__:Range of age reviewed: range(60, 125)
DEBUG:__main__:Patient Age: 60 is in range [False] if is sick [True]
DEBUG:__main__:Patient Age: 47 is in range [False] if is sick [True]
DEBUG:__main__:Patient Age: 50 is in range [False] if is sick [True]
DEBUG:__main__:Patient Age: 43 is in range [False] if is sick [True]
DEBUG:__main__:Patient Age: 34 is in range [False] if is sick [True]
DEBUG:__main__:Patient Age: 55 is in range [False] if is sick [True]
DEBUG:__main__:Patient Age: 32 is in range [False] if is sick [True]
DEBUG:__main__:Starting data loading...
INFO:__main__:Calling get instance...
DEBUG:__main__:From instance [<session_19.data_collector_csv.DataCollectorCsv object at 0x7f80862a64c0>] is returning [[<session_19.person.Person object at 0x7f80862b29d0>, <session_19.person.Person object at 0x7f80862bbaf0>, <session_19.person.Person object at 0x7f80862bbb50>, <session_19.person.Person object at 0x7f80862bbb80>, <session_19.person.Person object at 0x7f80862bbc40>, <session_19.person.Person object at 0x7f80862bbc10>, <session_19.person.Person object at 0x7f80862bbca0>]]: 
INFO:__main__:Calling get instance...
DEBUG:__main__:From instance [<session_19.data_collector_api.DataCollectorAPI object at 0x7f80862a64c0>] is returning [[<session_19.person.Person object at 0x7f80862a6550>, <session_19.person.Person object at 0x7f80862b2820>, <session_19.person.Person object at 0x7f80862b2bb0>, <session_19.person.Person object at 0x7f80862b2910>]]: 
DEBUG:__main__:Starting Application...
DEBUG:__main__:Range of age reviewed: range(0, 15)
DEBUG:__main__:Patient Age: 60 is in range [False] if is sick [True]
DEBUG:__main__:Patient Age: 47 is in range [False] if is sick [True]
DEBUG:__main__:Patient Age: 50 is in range [False] if is sick [True]
DEBUG:__main__:Patient Age: 43 is in range [False] if is sick [True]
DEBUG:__main__:Patient Age: 34 is in range [False] if is sick [True]
DEBUG:__main__:Patient Age: 55 is in range [False] if is sick [True]
DEBUG:__main__:Patient Age: 32 is in range [False] if is sick [True]
DEBUG:__main__:Range of age reviewed: range(15, 60)
DEBUG:__main__:Patient Age: 60 is in range [False] if is sick [True]
DEBUG:__main__:Patient Age: 47 is in range [False] if is sick [True]
DEBUG:__main__:Patient Age: 50 is in range [False] if is sick [True]
DEBUG:__main__:Patient Age: 43 is in range [False] if is sick [True]
DEBUG:__main__:Patient Age: 34 is in range [True] if is sick [True]
DEBUG:__main__:Patient Age: 55 is in range [True] if is sick [True]
DEBUG:__main__:Patient Age: 32 is in range [True] if is sick [True]
DEBUG:__main__:Range of age reviewed: range(60, 125)
DEBUG:__main__:Patient Age: 60 is in range [False] if is sick [True]
DEBUG:__main__:Patient Age: 47 is in range [False] if is sick [True]
DEBUG:__main__:Patient Age: 50 is in range [False] if is sick [True]
DEBUG:__main__:Patient Age: 43 is in range [False] if is sick [True]
DEBUG:__main__:Patient Age: 34 is in range [False] if is sick [True]
DEBUG:__main__:Patient Age: 55 is in range [False] if is sick [True]
DEBUG:__main__:Patient Age: 32 is in range [False] if is sick [True]
DEBUG:__main__:Starting data loading...
INFO:__main__:Calling get instance...
DEBUG:__main__:From instance [<session_19.data_collector_csv.DataCollectorCsv object at 0x7fa02d4a64c0>] is returning [[<session_19.person.Person object at 0x7fa02d4b29d0>, <session_19.person.Person object at 0x7fa02d4bbaf0>, <session_19.person.Person object at 0x7fa02d4bbb50>, <session_19.person.Person object at 0x7fa02d4bbb80>, <session_19.person.Person object at 0x7fa02d4bbc40>, <session_19.person.Person object at 0x7fa02d4bbc10>, <session_19.person.Person object at 0x7fa02d4bbca0>]]: 
INFO:__main__:Calling get instance...
DEBUG:__main__:Starting data loading...
INFO:__main__:Calling get instance...
DEBUG:__main__:From instance [<session_19.data_collector_csv.DataCollectorCsv object at 0x7f91433a54c0>] is returning [[<session_19.person.Person object at 0x7f91433b19d0>, <session_19.person.Person object at 0x7f91433baaf0>, <session_19.person.Person object at 0x7f91433bab50>, <session_19.person.Person object at 0x7f91433bab80>, <session_19.person.Person object at 0x7f91433bac40>, <session_19.person.Person object at 0x7f91433bac10>, <session_19.person.Person object at 0x7f91433baca0>]]: 
INFO:__main__:Calling get instance...
DEBUG:__main__:From instance [<session_19.data_collector_api.DataCollectorAPI object at 0x7f91433a54c0>] is returning [[<session_19.person.Person object at 0x7f91433a5550>, <session_19.person.Person object at 0x7f91433b1820>, <session_19.person.Person object at 0x7f91433b1bb0>, <session_19.person.Person object at 0x7f91433b1910>]]: 
DEBUG:__main__:Starting Application...
DEBUG:__main__:Starting data loading...
INFO:__main__:Calling get instance...
DEBUG:__main__:From instance [<session_19.data_collector_csv.DataCollectorCsv object at 0x7ff6f33a64c0>] is returning [[<session_19.person.Person object at 0x7ff6f33b29d0>, <session_19.person.Person object at 0x7ff6f33bbaf0>, <session_19.person.Person object at 0x7ff6f33bbb50>, <session_19.person.Person object at 0x7ff6f33bbb80>, <session_19.person.Person object at 0x7ff6f33bbc40>, <session_19.person.Person object at 0x7ff6f33bbc10>, <session_19.person.Person object at 0x7ff6f33bbca0>]]: 
INFO:__main__:Calling get instance...
DEBUG:__main__:Starting data loading...
INFO:__main__:Calling get instance...
DEBUG:__main__:From instance [<session_19.data_collector_csv.DataCollectorCsv object at 0x7f9895da54c0>] is returning [[<session_19.person.Person object at 0x7f9895db19d0>, <session_19.person.Person object at 0x7f9895dbaaf0>, <session_19.person.Person object at 0x7f9895dbab50>, <session_19.person.Person object at 0x7f9895dbab80>, <session_19.person.Person object at 0x7f9895dbac40>, <session_19.person.Person object at 0x7f9895dbac10>, <session_19.person.Person object at 0x7f9895dbaca0>]]: 
INFO:__main__:Calling get instance...
DEBUG:__main__:From instance [<session_19.data_collector_api.DataCollectorAPI object at 0x7f9895da54c0>] is returning [[<session_19.person.Person object at 0x7f9895da5550>, <session_19.person.Person object at 0x7f9895db1820>, <session_19.person.Person object at 0x7f9895db1bb0>, <session_19.person.Person object at 0x7f9895db1910>]]: 
DEBUG:__main__:Starting Application...
DEBUG:__main__:Starting data loading...
INFO:__main__:Calling get instance...
DEBUG:__main__:From instance [<session_19.data_collector_csv.DataCollectorCsv object at 0x7fbe035a64c0>] is returning [[<session_19.person.Person object at 0x7fbe035b29d0>, <session_19.person.Person object at 0x7fbe035bbaf0>, <session_19.person.Person object at 0x7fbe035bbb50>, <session_19.person.Person object at 0x7fbe035bbb80>, <session_19.person.Person object at 0x7fbe035bbc40>, <session_19.person.Person object at 0x7fbe035bbc10>, <session_19.person.Person object at 0x7fbe035bbca0>]]: 
INFO:__main__:Calling get instance...
DEBUG:__main__:Starting data loading...
INFO:__main__:Calling get instance...
DEBUG:__main__:From instance [<session_19.data_collector_csv.DataCollectorCsv object at 0x7fad80da54c0>] is returning [[<session_19.person.Person object at 0x7fad80db19d0>, <session_19.person.Person object at 0x7fad80dbaaf0>, <session_19.person.Person object at 0x7fad80dbab50>, <session_19.person.Person object at 0x7fad80dbab80>, <session_19.person.Person object at 0x7fad80dbac40>, <session_19.person.Person object at 0x7fad80dbac10>, <session_19.person.Person object at 0x7fad80dbaca0>]]: 
INFO:__main__:Calling get instance...
DEBUG:__main__:From instance [<session_19.data_collector_api.DataCollectorAPI object at 0x7fad80da54c0>] is returning [[<session_19.person.Person object at 0x7fad80da5550>, <session_19.person.Person object at 0x7fad80db1820>, <session_19.person.Person object at 0x7fad80db1bb0>, <session_19.person.Person object at 0x7fad80db1910>]]: 
DEBUG:__main__:Starting Application...
DEBUG:__main__:Starting data loading...
INFO:__main__:Calling get instance...
DEBUG:__main__:From instance [<session_19.data_collector_csv.DataCollectorCsv object at 0x7f801e5a54c0>] is returning [[<session_19.person.Person object at 0x7f801e5b19d0>, <session_19.person.Person object at 0x7f801e5baaf0>, <session_19.person.Person object at 0x7f801e5bab50>, <session_19.person.Person object at 0x7f801e5bab80>, <session_19.person.Person object at 0x7f801e5bac40>, <session_19.person.Person object at 0x7f801e5bac10>, <session_19.person.Person object at 0x7f801e5baca0>]]: 
INFO:__main__:Calling get instance...
DEBUG:__main__:Starting data loading...
INFO:__main__:Calling get instance...
DEBUG:__main__:From instance [<session_19.data_collector_csv.DataCollectorCsv object at 0x7fab1a59e4c0>] is returning [[<session_19.person.Person object at 0x7fab1a5aa9d0>, <session_19.person.Person object at 0x7fab1a5b3af0>, <session_19.person.Person object at 0x7fab1a5b3b50>, <session_19.person.Person object at 0x7fab1a5b3b80>, <session_19.person.Person object at 0x7fab1a5b3c40>, <session_19.person.Person object at 0x7fab1a5b3c10>, <session_19.person.Person object at 0x7fab1a5b3ca0>]]: 
INFO:__main__:Calling get instance...
DEBUG:__main__:From instance [<session_19.data_collector_api.DataCollectorAPI object at 0x7fab1a59e4c0>] is returning [[<session_19.person.Person object at 0x7fab1a59e550>, <session_19.person.Person object at 0x7fab1a5aa820>, <session_19.person.Person object at 0x7fab1a5aabb0>, <session_19.person.Person object at 0x7fab1a5aa910>]]: 
DEBUG:__main__:Starting Application...
INFO:__main__:Generating report of sicks
DEBUG:__main__:Range of age reviewed: range(0, 15)
DEBUG:__main__:Patient Age: 60 is in range [False] if is sick [True]
DEBUG:__main__:Patient Age: 47 is in range [False] if is sick [True]
DEBUG:__main__:Patient Age: 50 is in range [False] if is sick [True]
DEBUG:__main__:Patient Age: 43 is in range [False] if is sick [True]
DEBUG:__main__:Patient Age: 34 is in range [False] if is sick [True]
DEBUG:__main__:Patient Age: 55 is in range [False] if is sick [True]
DEBUG:__main__:Patient Age: 32 is in range [False] if is sick [True]
DEBUG:__main__:Range of age reviewed: range(15, 60)
DEBUG:__main__:Patient Age: 60 is in range [False] if is sick [True]
DEBUG:__main__:Patient Age: 47 is in range [False] if is sick [True]
DEBUG:__main__:Patient Age: 50 is in range [False] if is sick [True]
DEBUG:__main__:Patient Age: 43 is in range [False] if is sick [True]
DEBUG:__main__:Patient Age: 34 is in range [True] if is sick [True]
DEBUG:__main__:Patient Age: 55 is in range [True] if is sick [True]
DEBUG:__main__:Patient Age: 32 is in range [True] if is sick [True]
DEBUG:__main__:Range of age reviewed: range(60, 125)
DEBUG:__main__:Patient Age: 60 is in range [False] if is sick [True]
DEBUG:__main__:Patient Age: 47 is in range [False] if is sick [True]
DEBUG:__main__:Patient Age: 50 is in range [False] if is sick [True]
DEBUG:__main__:Patient Age: 43 is in range [False] if is sick [True]
DEBUG:__main__:Patient Age: 34 is in range [False] if is sick [True]
DEBUG:__main__:Patient Age: 55 is in range [False] if is sick [True]
DEBUG:__main__:Patient Age: 32 is in range [False] if is sick [True]
